{
  "stats": {
    "suites": 1,
    "tests": 2,
    "passes": 2,
    "pending": 0,
    "failures": 0,
    "start": "2022-08-10T19:35:54.273Z",
    "end": "2022-08-10T19:35:56.968Z",
    "duration": 2695,
    "testsRegistered": 2,
    "passPercent": 100,
    "pendingPercent": 0,
    "other": 0,
    "hasOther": false,
    "skipped": 0,
    "hasSkipped": false
  },
  "results": [
    {
      "uuid": "3db7bd77-f9c4-43ec-a031-383bc7e1b855",
      "title": "",
      "fullFile": "cypress/integration/listagem.spec.js",
      "file": "cypress/integration/listagem.spec.js",
      "beforeHooks": [],
      "afterHooks": [],
      "tests": [],
      "suites": [
        {
          "uuid": "708bab72-c972-459a-98cf-e37134385a3b",
          "title": "Listagem",
          "fullFile": "",
          "file": "",
          "beforeHooks": [],
          "afterHooks": [],
          "tests": [
            {
              "title": "Quando não houver cadastros, então a listagem deve estar vazia",
              "fullTitle": "Listagem Quando não houver cadastros, então a listagem deve estar vazia",
              "timedOut": null,
              "duration": 824,
              "state": "passed",
              "speed": "fast",
              "pass": true,
              "fail": false,
              "pending": false,
              "context": null,
              "code": "cy.fixture('listagem-vazia').then(data => {\n  window.localStorage.setItem('data', JSON.stringify(data));\n});\ncy.visit('https://form-agilizei.netlify.app/listagem.html');\ncy.get('table tbody#users tr').should('have.length', 0);",
              "err": {},
              "uuid": "db3ba892-6f20-44bc-b8b0-d9ed0f2c7454",
              "parentUUID": "708bab72-c972-459a-98cf-e37134385a3b",
              "isHook": false,
              "skipped": false
            },
            {
              "title": "Quando houver um ou mais cadastros, então a listagem deve exibir cada registro",
              "fullTitle": "Listagem Quando houver um ou mais cadastros, então a listagem deve exibir cada registro",
              "timedOut": null,
              "duration": 279,
              "state": "passed",
              "speed": "fast",
              "pass": true,
              "fail": false,
              "pending": false,
              "context": null,
              "code": "cy.fixture('listagem-com-itens').then(data => {\n  window.localStorage.setItem('data', JSON.stringify(data));\n});\ncy.visit('https://form-agilizei.netlify.app/listagem.html');\ncy.get('table tbody#users tr').should('have.length', 2);",
              "err": {},
              "uuid": "9013f861-49b0-4c32-99b5-c044816b56d2",
              "parentUUID": "708bab72-c972-459a-98cf-e37134385a3b",
              "isHook": false,
              "skipped": false
            }
          ],
          "suites": [],
          "passes": [
            "db3ba892-6f20-44bc-b8b0-d9ed0f2c7454",
            "9013f861-49b0-4c32-99b5-c044816b56d2"
          ],
          "failures": [],
          "pending": [],
          "skipped": [],
          "duration": 1103,
          "root": false,
          "rootEmpty": false,
          "_timeout": 2000
        }
      ],
      "passes": [],
      "failures": [],
      "pending": [],
      "skipped": [],
      "duration": 0,
      "root": true,
      "rootEmpty": true,
      "_timeout": 2000
    }
  ],
  "meta": {
    "mocha": {
      "version": "7.0.1"
    },
    "mochawesome": {
      "options": {
        "quiet": true,
        "reportFilename": "mochawesome",
        "saveHtml": false,
        "saveJson": true,
        "consoleReporter": "spec",
        "useInlineDiffs": false,
        "code": true
      },
      "version": "7.1.3"
    },
    "marge": {
      "options": {
        "id": "default",
        "reportDir": "mochawesome-report",
        "quiet": true,
        "overwrite": false,
        "html": false,
        "json": true
      },
      "version": "6.2.0"
    }
  }
}