{
  "stats": {
    "suites": 1,
    "tests": 1,
    "passes": 1,
    "pending": 0,
    "failures": 0,
    "start": "2022-08-10T19:35:39.237Z",
    "end": "2022-08-10T19:35:47.969Z",
    "duration": 8732,
    "testsRegistered": 1,
    "passPercent": 100,
    "pendingPercent": 0,
    "other": 0,
    "hasOther": false,
    "skipped": 0,
    "hasSkipped": false
  },
  "results": [
    {
      "uuid": "d9bce14e-3c9f-4efc-beb5-05b9d9a767c9",
      "title": "",
      "fullFile": "cypress/integration/cadastro.spec.js",
      "file": "cypress/integration/cadastro.spec.js",
      "beforeHooks": [],
      "afterHooks": [],
      "tests": [],
      "suites": [
        {
          "uuid": "54bdc97a-208f-40af-aaef-b14d415c2c62",
          "title": "Cadastro",
          "fullFile": "",
          "file": "",
          "beforeHooks": [],
          "afterHooks": [],
          "tests": [
            {
              "title": "Quando eu informar os dados e finalizar, entao o cadastro deve ser efetuado",
              "fullTitle": "Cadastro Quando eu informar os dados e finalizar, entao o cadastro deve ser efetuado",
              "timedOut": null,
              "duration": 5682,
              "state": "passed",
              "speed": "medium",
              "pass": true,
              "fail": false,
              "pending": false,
              "context": null,
              "code": "cy.visit('https://form-agilizei.netlify.app/');\ncy.get('input[name=\"firstName\"]').type(chance.first());\ncy.get('input[name=\"lastName\"]').type(chance.last());\ncy.get('textarea[name=\"adress\"]').type(chance.address());\ncy.get('input[name=\"emailAdress\"]').type(chance.email());\ncy.get('input[value=\"m\"]').check();\ncy.get('input[type=\"checkbox\"]').check('Netflix');\ncy.get('input[type=\"checkbox\"]').check('Dormir');\ncy.get('select#countries').select('Dinamarca', {\n  force: true\n});\ncy.get('select#years').select('1989', {\n  force: true\n});\ncy.get('select#months').select('Janeiro', {\n  force: true\n});\ncy.get('select#days').select('25', {\n  force: true\n});\ncy.get('input#firstpassword').type('Abc12345', {\n  log: false\n});\ncy.get('input#secondpassword').type('Abc12345', {\n  log: false\n});\ncy.get('button#submitbtn').click();\ncy.url().should('contain', 'listagem');",
              "err": {},
              "uuid": "513c9b97-4a26-4c92-b323-5f0c588de862",
              "parentUUID": "54bdc97a-208f-40af-aaef-b14d415c2c62",
              "isHook": false,
              "skipped": false
            }
          ],
          "suites": [],
          "passes": [
            "513c9b97-4a26-4c92-b323-5f0c588de862"
          ],
          "failures": [],
          "pending": [],
          "skipped": [],
          "duration": 5682,
          "root": false,
          "rootEmpty": false,
          "_timeout": 2000
        }
      ],
      "passes": [],
      "failures": [],
      "pending": [],
      "skipped": [],
      "duration": 0,
      "root": true,
      "rootEmpty": true,
      "_timeout": 2000
    }
  ],
  "meta": {
    "mocha": {
      "version": "7.0.1"
    },
    "mochawesome": {
      "options": {
        "quiet": true,
        "reportFilename": "mochawesome",
        "saveHtml": false,
        "saveJson": true,
        "consoleReporter": "spec",
        "useInlineDiffs": false,
        "code": true
      },
      "version": "7.1.3"
    },
    "marge": {
      "options": {
        "id": "default",
        "reportDir": "mochawesome-report",
        "quiet": true,
        "overwrite": false,
        "html": false,
        "json": true
      },
      "version": "6.2.0"
    }
  }
}